
@----------------------------------------------------------@
|        PLINK!       |     v1.07      |   10/Aug/2009     |
|----------------------------------------------------------|
|  (C) 2009 Shaun Purcell, GNU General Public License, v2  |
|----------------------------------------------------------|
|  For documentation, citation & bug-report instructions:  |
|        http://pngu.mgh.harvard.edu/purcell/plink/        |
@----------------------------------------------------------@

Skipping web check... [ --noweb ] 
Writing this text to log file [ clean.log ]
Analysis started: Fri Oct 12 15:00:16 2018

Options in effect:
	--noweb
	--bfile clean
	--maf .05
	--make-bed
	--out clean

Reading map (extended format) from [ clean.bim ] 
76464 markers to be included from [ clean.bim ]
Reading pedigree information from [ clean.fam ] 
88 individuals read from [ clean.fam ] 
88 individuals with nonmissing phenotypes
Assuming a disease phenotype (1=unaff, 2=aff, 0=miss)
Missing phenotype value is also -9
43 cases, 45 controls and 0 missing
88 males, 0 females, and 0 of unspecified sex
Reading genotype bitfile from [ clean.bed ] 
Detected that binary PED file is v1.00 SNP-major mode
Before frequency and genotyping pruning, there are 76464 SNPs
88 founders and 0 non-founders found
Total genotyping rate in remaining individuals is 0.99855
0 SNPs failed missingness test ( GENO > 1 )
22642 SNPs failed frequency test ( MAF < 0.05 )
After frequency and genotyping pruning, there are 53822 SNPs
After filtering, 43 cases, 45 controls and 0 missing
After filtering, 88 males, 0 females, and 0 of unspecified sex
Writing pedigree information to [ clean.fam ] 
Writing map (extended format) information to [ clean.bim ] 
Writing genotype bitfile to [ clean.bed ] 
Using (default) SNP-major mode

Analysis finished: Fri Oct 12 15:00:17 2018

